2020-10-17 17:11:37,517 - RegisterPage - INFO - 执行注册操作
2020-10-17 17:11:45,033 - BasePage - INFO - None 查找元素 name=>username
2020-10-17 17:11:45,034 - BasePage - ERROR - 查找元素失败.
Traceback (most recent call last):
  File "D:\code\pycharm\UIAutoTestFrame\common\basePage.py", line 206, in find_Element
    return self.driver.find_element(*loc)
TypeError: find_element() takes from 1 to 3 positional arguments but 15 were given
2020-10-17 17:11:45,633 - BasePage - INFO - 截屏成功,图片路径为..\screenshot/None_2020-10-17 17:11:45.png
2020-10-17 17:11:55,471 - BasePage - INFO - None 查找元素 name=>username
2020-10-17 17:11:55,472 - BasePage - ERROR - 查找元素失败.
Traceback (most recent call last):
  File "D:\code\pycharm\UIAutoTestFrame\common\basePage.py", line 206, in find_Element
    return self.driver.find_element(*loc)
TypeError: find_element() takes from 1 to 3 positional arguments but 15 were given
2020-10-17 17:11:56,121 - BasePage - INFO - 截屏成功,图片路径为..\screenshot/None_2020-10-17 17:11:55.png
2020-10-17 17:12:06,154 - BasePage - INFO - None 查找元素 name=>username
2020-10-17 17:12:06,154 - BasePage - ERROR - 查找元素失败.
Traceback (most recent call last):
  File "D:\code\pycharm\UIAutoTestFrame\common\basePage.py", line 206, in find_Element
    return self.driver.find_element(*loc)
TypeError: find_element() takes from 1 to 3 positional arguments but 15 were given
2020-10-17 17:12:06,827 - BasePage - INFO - 截屏成功,图片路径为..\screenshot/None_2020-10-17 17:12:06.png
